# JRE version: OpenJDK Runtime Environment (11.0.8+10) (build 11.0.8+10-b944.6842174)
# Java VM: OpenJDK 64-Bit Server VM (11.0.8+10-b944.6842174, mixed mode, tiered, compressed oops, g1 gc, windows-amd64)
Heap:
 garbage-first heap   total 262144K, used 199850K [0x0000000080000000, 0x0000000100000000)
  region size 1024K, 80 young (81920K), 3 survivors (3072K)
 Metaspace       used 122999K, capacity 126663K, committed 128808K, reserved 1161216K
  class space    used 15127K, capacity 16465K, committed 16728K, reserved 1048576K
GC Heap History (20 events):
Event: 10119.257 GC heap before
{Heap before GC invocations=64 (full 0):
 garbage-first heap   total 262144K, used 118231K [0x0000000080000000, 0x0000000100000000)
  region size 1024K, 12 young (12288K), 2 survivors (2048K)
 Metaspace       used 122044K, capacity 125531K, committed 126632K, reserved 1159168K
  class space    used 15057K, capacity 16338K, committed 16600K, reserved 1048576K
}
Event: 10119.262 GC heap after
{Heap after GC invocations=65 (full 0):
 garbage-first heap   total 262144K, used 111308K [0x0000000080000000, 0x0000000100000000)
  region size 1024K, 4 young (4096K), 4 survivors (4096K)
 Metaspace       used 122044K, capacity 125531K, committed 126632K, reserved 1159168K
  class space    used 15057K, capacity 16338K, committed 16600K, reserved 1048576K
}
Event: 10301.046 GC heap before
{Heap before GC invocations=66 (full 0):
 garbage-first heap   total 262144K, used 235212K [0x0000000080000000, 0x0000000100000000)
  region size 1024K, 111 young (113664K), 4 survivors (4096K)
 Metaspace       used 124400K, capacity 127996K, committed 128552K, reserved 1161216K
  class space    used 15236K, capacity 16567K, committed 16728K, reserved 1048576K
}
Event: 10301.051 GC heap after
{Heap after GC invocations=67 (full 0):
 garbage-first heap   total 262144K, used 117718K [0x0000000080000000, 0x0000000100000000)
  region size 1024K, 8 young (8192K), 8 survivors (8192K)
 Metaspace       used 124400K, capacity 127996K, committed 128552K, reserved 1161216K
  class space    used 15236K, capacity 16567K, committed 16728K, reserved 1048576K
}
Event: 10301.077 GC heap before
{Heap before GC invocations=67 (full 0):
 garbage-first heap   total 262144K, used 121814K [0x0000000080000000, 0x0000000100000000)
  region size 1024K, 12 young (12288K), 8 survivors (8192K)
 Metaspace       used 124432K, capacity 128038K, committed 128552K, reserved 1161216K
  class space    used 15240K, capacity 16574K, committed 16728K, reserved 1048576K
}
Event: 10301.084 GC heap after
{Heap after GC invocations=68 (full 0):
 garbage-first heap   total 262144K, used 110407K [0x0000000080000000, 0x0000000100000000)
  region size 1024K, 2 young (2048K), 2 survivors (2048K)
 Metaspace       used 124432K, capacity 128038K, committed 128552K, reserved 1161216K
  class space    used 15240K, capacity 16574K, committed 16728K, reserved 1048576K
}
Event: 10301.512 GC heap before
{Heap before GC invocations=68 (full 0):
 garbage-first heap   total 262144K, used 217927K [0x0000000080000000, 0x0000000100000000)
  region size 1024K, 108 young (110592K), 2 survivors (2048K)
 Metaspace       used 124552K, capacity 128255K, committed 128808K, reserved 1161216K
  class space    used 15243K, capacity 16579K, committed 16728K, reserved 1048576K
}
Event: 10301.529 GC heap after
{Heap after GC invocations=69 (full 0):
 garbage-first heap   total 262144K, used 115957K [0x0000000080000000, 0x0000000100000000)
  region size 1024K, 7 young (7168K), 7 survivors (7168K)
 Metaspace       used 124552K, capacity 128255K, committed 128808K, reserved 1161216K
  class space    used 15243K, capacity 16579K, committed 16728K, reserved 1048576K
}
Event: 10303.694 GC heap before
{Heap before GC invocations=70 (full 0):
 garbage-first heap   total 262144K, used 218357K [0x0000000080000000, 0x0000000100000000)
  region size 1024K, 108 young (110592K), 7 survivors (7168K)
 Metaspace       used 122632K, capacity 126309K, committed 128808K, reserved 1161216K
  class space    used 15125K, capacity 16464K, committed 16728K, reserved 1048576K
}
Event: 10303.700 GC heap after
{Heap after GC invocations=71 (full 0):
 garbage-first heap   total 262144K, used 118359K [0x0000000080000000, 0x0000000100000000)
  region size 1024K, 9 young (9216K), 9 survivors (9216K)
 Metaspace       used 122632K, capacity 126309K, committed 128808K, reserved 1161216K
  class space    used 15125K, capacity 16464K, committed 16728K, reserved 1048576K
}
Event: 10303.717 GC heap before
{Heap before GC invocations=71 (full 0):
 garbage-first heap   total 262144K, used 121431K [0x0000000080000000, 0x0000000100000000)
  region size 1024K, 12 young (12288K), 9 survivors (9216K)
 Metaspace       used 122657K, capacity 126310K, committed 128808K, reserved 1161216K
  class space    used 15125K, capacity 16464K, committed 16728K, reserved 1048576K
}
Event: 10303.730 GC heap after
{Heap after GC invocations=72 (full 0):
 garbage-first heap   total 262144K, used 104610K [0x0000000080000000, 0x0000000100000000)
  region size 1024K, 2 young (2048K), 2 survivors (2048K)
 Metaspace       used 122657K, capacity 126310K, committed 128808K, reserved 1161216K
  class space    used 15125K, capacity 16464K, committed 16728K, reserved 1048576K
}
Event: 10303.859 GC heap before
{Heap before GC invocations=72 (full 0):
 garbage-first heap   total 262144K, used 139426K [0x0000000080000000, 0x0000000100000000)
  region size 1024K, 38 young (38912K), 2 survivors (2048K)
 Metaspace       used 122758K, capacity 126400K, committed 128808K, reserved 1161216K
  class space    used 15126K, capacity 16464K, committed 16728K, reserved 1048576K
}
Event: 10303.864 GC heap after
{Heap after GC invocations=73 (full 0):
 garbage-first heap   total 262144K, used 104230K [0x0000000080000000, 0x0000000100000000)
  region size 1024K, 1 young (1024K), 1 survivors (1024K)
 Metaspace       used 122758K, capacity 126400K, committed 128808K, reserved 1161216K
  class space    used 15126K, capacity 16464K, committed 16728K, reserved 1048576K
}
Event: 10320.757 GC heap before
{Heap before GC invocations=74 (full 0):
 garbage-first heap   total 262144K, used 228134K [0x0000000080000000, 0x0000000100000000)
  region size 1024K, 113 young (115712K), 1 survivors (1024K)
 Metaspace       used 122866K, capacity 126596K, committed 128808K, reserved 1161216K
  class space    used 15127K, capacity 16465K, committed 16728K, reserved 1048576K
}
Event: 10320.765 GC heap after
{Heap after GC invocations=75 (full 0):
 garbage-first heap   total 262144K, used 110674K [0x0000000080000000, 0x0000000100000000)
  region size 1024K, 8 young (8192K), 8 survivors (8192K)
 Metaspace       used 122866K, capacity 126596K, committed 128808K, reserved 1161216K
  class space    used 15127K, capacity 16465K, committed 16728K, reserved 1048576K
}
Event: 10320.770 GC heap before
{Heap before GC invocations=75 (full 0):
 garbage-first heap   total 262144K, used 113746K [0x0000000080000000, 0x0000000100000000)
  region size 1024K, 12 young (12288K), 8 survivors (8192K)
 Metaspace       used 122866K, capacity 126596K, committed 128808K, reserved 1161216K
  class space    used 15127K, capacity 16465K, committed 16728K, reserved 1048576K
}
Event: 10320.775 GC heap after
{Heap after GC invocations=76 (full 0):
 garbage-first heap   total 262144K, used 111209K [0x0000000080000000, 0x0000000100000000)
  region size 1024K, 2 young (2048K), 2 survivors (2048K)
 Metaspace       used 122866K, capacity 126596K, committed 128808K, reserved 1161216K
  class space    used 15127K, capacity 16465K, committed 16728K, reserved 1048576K
}
Event: 10322.974 GC heap before
{Heap before GC invocations=76 (full 0):
 garbage-first heap   total 262144K, used 217705K [0x0000000080000000, 0x0000000100000000)
  region size 1024K, 107 young (109568K), 2 survivors (2048K)
 Metaspace       used 122915K, capacity 126660K, committed 128808K, reserved 1161216K
  class space    used 15127K, capacity 16465K, committed 16728K, reserved 1048576K
}
Event: 10322.978 GC heap after
{Heap after GC invocations=77 (full 0):
 garbage-first heap   total 262144K, used 112810K [0x0000000080000000, 0x0000000100000000)
  region size 1024K, 3 young (3072K), 3 survivors (3072K)
 Metaspace       used 122915K, capacity 126660K, committed 128808K, reserved 1161216K
  class space    used 15127K, capacity 16465K, committed 16728K, reserved 1048576K
}

